<?xml version="1.0" encoding="UTF-8"?>
<coverage generated="1552591359292" clover="3.2.0">
  <project timestamp="1552591359292" name="All files">
    <metrics statements="40" coveredstatements="32" conditionals="14" coveredconditionals="13" methods="17" coveredmethods="11" elements="71" coveredelements="56" complexity="0" loc="40" ncloc="40" packages="3" files="3" classes="3"/>
    <package name="src">
      <metrics statements="2" coveredstatements="0" conditionals="0" coveredconditionals="0" methods="0" coveredmethods="0"/>
      <file name="index.js" path="/Users/daisymacharia/LMS-outputs/Phone-Number-Generator/src/index.js">
        <metrics statements="2" coveredstatements="0" conditionals="0" coveredconditionals="0" methods="0" coveredmethods="0"/>
        <line num="7" count="0" type="stmt"/>
        <line num="8" count="0" type="stmt"/>
      </file>
    </package>
    <package name="src.containers">
      <metrics statements="16" coveredstatements="10" conditionals="8" coveredconditionals="8" methods="9" coveredmethods="3"/>
      <file name="App.js" path="/Users/daisymacharia/LMS-outputs/Phone-Number-Generator/src/containers/App.js">
        <metrics statements="16" coveredstatements="10" conditionals="8" coveredconditionals="8" methods="9" coveredmethods="3"/>
        <line num="5" count="1" type="stmt"/>
        <line num="18" count="1" type="stmt"/>
        <line num="25" count="1" type="stmt"/>
        <line num="36" count="1" type="stmt"/>
        <line num="48" count="1" type="stmt"/>
        <line num="53" count="1" type="stmt"/>
        <line num="54" count="10" type="cond" truecount="2" falsecount="0"/>
        <line num="56" count="10" type="cond" truecount="2" falsecount="0"/>
        <line num="64" count="0" type="stmt"/>
        <line num="68" count="1" type="stmt"/>
        <line num="69" count="1" type="stmt"/>
        <line num="81" count="0" type="stmt"/>
        <line num="91" count="0" type="stmt"/>
        <line num="99" count="0" type="stmt"/>
        <line num="105" count="0" type="stmt"/>
        <line num="108" count="0" type="stmt"/>
      </file>
    </package>
    <package name="src.store">
      <metrics statements="22" coveredstatements="22" conditionals="6" coveredconditionals="5" methods="8" coveredmethods="8"/>
      <file name="root.js" path="/Users/daisymacharia/LMS-outputs/Phone-Number-Generator/src/store/root.js">
        <metrics statements="22" coveredstatements="22" conditionals="6" coveredconditionals="5" methods="8" coveredmethods="8"/>
        <line num="14" count="6" type="stmt"/>
        <line num="15" count="6" type="cond" truecount="2" falsecount="0"/>
        <line num="16" count="1" type="stmt"/>
        <line num="18" count="5" type="stmt"/>
        <line num="19" count="50" type="stmt"/>
        <line num="22" count="5" type="stmt"/>
        <line num="23" count="5" type="stmt"/>
        <line num="24" count="5" type="stmt"/>
        <line num="29" count="50" type="stmt"/>
        <line num="30" count="50" type="stmt"/>
        <line num="31" count="50" type="stmt"/>
        <line num="32" count="56" type="stmt"/>
        <line num="34" count="50" type="stmt"/>
        <line num="39" count="1" type="stmt"/>
        <line num="43" count="154" type="stmt"/>
        <line num="44" count="5" type="stmt"/>
        <line num="46" count="154" type="stmt"/>
        <line num="52" count="63" type="stmt"/>
        <line num="54" count="2" type="cond" truecount="2" falsecount="0"/>
        <line num="55" count="1" type="stmt"/>
        <line num="58" count="1" type="cond" truecount="1" falsecount="1"/>
        <line num="59" count="1" type="stmt"/>
      </file>
    </package>
  </project>
</coverage>
