<?xml version="1.0" encoding="UTF-8"?>
<coverage generated="1552866591906" clover="3.2.0">
  <project timestamp="1552866591906" name="All files">
    <metrics statements="47" coveredstatements="45" conditionals="23" coveredconditionals="18" methods="19" coveredmethods="18" elements="89" coveredelements="81" complexity="0" loc="47" ncloc="47" packages="2" files="2" classes="2"/>
    <package name="containers">
      <metrics statements="22" coveredstatements="20" conditionals="17" coveredconditionals="13" methods="10" coveredmethods="9"/>
      <file name="App.js" path="/Users/daisymacharia/LMS-outputs/Phone-Number-Generator/src/containers/App.js">
        <metrics statements="22" coveredstatements="20" conditionals="17" coveredconditionals="13" methods="10" coveredmethods="9"/>
        <line num="5" count="1" type="stmt"/>
        <line num="18" count="1" type="stmt"/>
        <line num="25" count="1" type="stmt"/>
        <line num="36" count="1" type="stmt"/>
        <line num="48" count="1" type="stmt"/>
        <line num="53" count="1" type="stmt"/>
        <line num="54" count="10" type="cond" truecount="2" falsecount="0"/>
        <line num="56" count="10" type="cond" truecount="2" falsecount="0"/>
        <line num="59" count="1" type="stmt"/>
        <line num="67" count="1" type="stmt"/>
        <line num="104" count="1" type="stmt"/>
        <line num="111" count="1" type="cond" truecount="1" falsecount="1"/>
        <line num="112" count="1" type="cond" truecount="3" falsecount="2"/>
        <line num="113" count="1" type="stmt"/>
        <line num="115" count="0" type="stmt"/>
        <line num="119" count="9" type="stmt"/>
        <line num="121" count="9" type="stmt"/>
        <line num="143" count="1" type="stmt"/>
        <line num="150" count="1" type="stmt"/>
        <line num="155" count="1" type="stmt"/>
        <line num="158" count="1" type="stmt"/>
        <line num="173" count="0" type="stmt"/>
      </file>
    </package>
    <package name="store">
      <metrics statements="25" coveredstatements="25" conditionals="6" coveredconditionals="5" methods="9" coveredmethods="9"/>
      <file name="root.js" path="/Users/daisymacharia/LMS-outputs/Phone-Number-Generator/src/store/root.js">
        <metrics statements="25" coveredstatements="25" conditionals="6" coveredconditionals="5" methods="9" coveredmethods="9"/>
        <line num="14" count="6" type="stmt"/>
        <line num="15" count="6" type="cond" truecount="2" falsecount="0"/>
        <line num="16" count="1" type="stmt"/>
        <line num="20" count="5" type="stmt"/>
        <line num="21" count="50" type="stmt"/>
        <line num="24" count="5" type="stmt"/>
        <line num="25" count="5" type="stmt"/>
        <line num="29" count="5" type="stmt"/>
        <line num="30" count="5" type="stmt"/>
        <line num="35" count="50" type="stmt"/>
        <line num="36" count="50" type="stmt"/>
        <line num="37" count="50" type="stmt"/>
        <line num="38" count="61" type="stmt"/>
        <line num="40" count="50" type="stmt"/>
        <line num="45" count="1" type="stmt"/>
        <line num="46" count="1" type="stmt"/>
        <line num="50" count="139" type="stmt"/>
        <line num="51" count="5" type="stmt"/>
        <line num="53" count="139" type="stmt"/>
        <line num="59" count="51" type="stmt"/>
        <line num="61" count="2" type="cond" truecount="2" falsecount="0"/>
        <line num="62" count="1" type="stmt"/>
        <line num="68" count="1" type="cond" truecount="1" falsecount="1"/>
        <line num="69" count="1" type="stmt"/>
        <line num="80" count="1" type="stmt"/>
      </file>
    </package>
  </project>
</coverage>
