{"/Users/daisymacharia/LMS-outputs/Phone-Number-Generator/src/containers/App.js": {"path":"/Users/daisymacharia/LMS-outputs/Phone-Number-Generator/src/containers/App.js","statementMap":{"0":{"start":{"line":5,"column":13},"end":{"line":16,"column":1}},"1":{"start":{"line":18,"column":29},"end":{"line":23,"column":1}},"2":{"start":{"line":25,"column":20},"end":{"line":34,"column":1}},"3":{"start":{"line":36,"column":21},"end":{"line":46,"column":1}},"4":{"start":{"line":48,"column":18},"end":{"line":52,"column":1}},"5":{"start":{"line":53,"column":13},"end":{"line":58,"column":1}},"6":{"start":{"line":54,"column":24},"end":{"line":54,"column":44}},"7":{"start":{"line":56,"column":26},"end":{"line":56,"column":45}},"8":{"start":{"line":59,"column":15},"end":{"line":65,"column":1}},"9":{"start":{"line":67,"column":20},"end":{"line":94,"column":1}},"10":{"start":{"line":104,"column":4},"end":{"line":107,"column":5}},"11":{"start":{"line":111,"column":19},"end":{"line":111,"column":54}},"12":{"start":{"line":112,"column":4},"end":{"line":113,"column":41}},"13":{"start":{"line":113,"column":6},"end":{"line":113,"column":41}},"14":{"start":{"line":115,"column":4},"end":{"line":115,"column":53}},"15":{"start":{"line":119,"column":22},"end":{"line":119,"column":32}},"16":{"start":{"line":121,"column":4},"end":{"line":180,"column":5}},"17":{"start":{"line":143,"column":18},"end":{"line":143,"column":71}},"18":{"start":{"line":150,"column":18},"end":{"line":150,"column":70}},"19":{"start":{"line":155,"column":43},"end":{"line":155,"column":67}},"20":{"start":{"line":158,"column":43},"end":{"line":158,"column":68}},"21":{"start":{"line":173,"column":14},"end":{"line":175,"column":28}}},"fnMap":{"0":{"name":"(anonymous_0)","decl":{"start":{"line":54,"column":15},"end":{"line":54,"column":16}},"loc":{"start":{"line":54,"column":24},"end":{"line":54,"column":44}},"line":54},"1":{"name":"(anonymous_1)","decl":{"start":{"line":56,"column":17},"end":{"line":56,"column":18}},"loc":{"start":{"line":56,"column":26},"end":{"line":56,"column":45}},"line":56},"2":{"name":"(anonymous_2)","decl":{"start":{"line":103,"column":20},"end":{"line":103,"column":21}},"loc":{"start":{"line":103,"column":26},"end":{"line":108,"column":3}},"line":103},"3":{"name":"(anonymous_3)","decl":{"start":{"line":110,"column":13},"end":{"line":110,"column":14}},"loc":{"start":{"line":110,"column":20},"end":{"line":116,"column":3}},"line":110},"4":{"name":"(anonymous_4)","decl":{"start":{"line":118,"column":2},"end":{"line":118,"column":3}},"loc":{"start":{"line":118,"column":11},"end":{"line":181,"column":3}},"line":118},"5":{"name":"(anonymous_5)","decl":{"start":{"line":142,"column":25},"end":{"line":142,"column":26}},"loc":{"start":{"line":143,"column":18},"end":{"line":143,"column":71}},"line":143},"6":{"name":"(anonymous_6)","decl":{"start":{"line":149,"column":25},"end":{"line":149,"column":26}},"loc":{"start":{"line":150,"column":18},"end":{"line":150,"column":70}},"line":150},"7":{"name":"(anonymous_7)","decl":{"start":{"line":155,"column":37},"end":{"line":155,"column":38}},"loc":{"start":{"line":155,"column":43},"end":{"line":155,"column":67}},"line":155},"8":{"name":"(anonymous_8)","decl":{"start":{"line":158,"column":37},"end":{"line":158,"column":38}},"loc":{"start":{"line":158,"column":43},"end":{"line":158,"column":68}},"line":158},"9":{"name":"(anonymous_9)","decl":{"start":{"line":172,"column":32},"end":{"line":172,"column":33}},"loc":{"start":{"line":173,"column":14},"end":{"line":175,"column":28}},"line":173}},"branchMap":{"0":{"loc":{"start":{"line":54,"column":24},"end":{"line":54,"column":44}},"type":"binary-expr","locations":[{"start":{"line":54,"column":24},"end":{"line":54,"column":34}},{"start":{"line":54,"column":38},"end":{"line":54,"column":44}}],"line":54},"1":{"loc":{"start":{"line":56,"column":26},"end":{"line":56,"column":45}},"type":"binary-expr","locations":[{"start":{"line":56,"column":26},"end":{"line":56,"column":38}},{"start":{"line":56,"column":42},"end":{"line":56,"column":45}}],"line":56},"2":{"loc":{"start":{"line":111,"column":19},"end":{"line":111,"column":54}},"type":"cond-expr","locations":[{"start":{"line":111,"column":31},"end":{"line":111,"column":40}},{"start":{"line":111,"column":43},"end":{"line":111,"column":54}}],"line":111},"3":{"loc":{"start":{"line":112,"column":4},"end":{"line":113,"column":41}},"type":"if","locations":[{"start":{"line":112,"column":4},"end":{"line":113,"column":41}},{"start":{"line":112,"column":4},"end":{"line":113,"column":41}}],"line":112},"4":{"loc":{"start":{"line":112,"column":8},"end":{"line":112,"column":57}},"type":"binary-expr","locations":[{"start":{"line":112,"column":8},"end":{"line":112,"column":21}},{"start":{"line":112,"column":26},"end":{"line":112,"column":39}},{"start":{"line":112,"column":43},"end":{"line":112,"column":56}}],"line":112},"5":{"loc":{"start":{"line":138,"column":9},"end":{"line":169,"column":9}},"type":"binary-expr","locations":[{"start":{"line":138,"column":9},"end":{"line":138,"column":38}},{"start":{"line":139,"column":10},"end":{"line":168,"column":13}}],"line":138},"6":{"loc":{"start":{"line":162,"column":13},"end":{"line":164,"column":13}},"type":"binary-expr","locations":[{"start":{"line":162,"column":13},"end":{"line":162,"column":43}},{"start":{"line":163,"column":14},"end":{"line":163,"column":47}}],"line":162},"7":{"loc":{"start":{"line":170,"column":9},"end":{"line":178,"column":9}},"type":"binary-expr","locations":[{"start":{"line":170,"column":9},"end":{"line":170,"column":34}},{"start":{"line":171,"column":10},"end":{"line":177,"column":19}}],"line":170}},"s":{"0":1,"1":1,"2":1,"3":1,"4":1,"5":1,"6":10,"7":10,"8":1,"9":1,"10":1,"11":1,"12":1,"13":1,"14":0,"15":9,"16":9,"17":1,"18":1,"19":1,"20":1,"21":0},"f":{"0":10,"1":10,"2":1,"3":1,"4":9,"5":1,"6":1,"7":1,"8":1,"9":0},"b":{"0":[10,8],"1":[10,8],"2":[0,1],"3":[1,0],"4":[1,1,0],"5":[9,9],"6":[9,9],"7":[9,0]},"_coverageSchema":"43e27e138ebf9cfc5966b082cf9a028302ed4184","hash":"7f98daccba7ad745284770e4dd77f32d6f1d7e4f"}
,"/Users/daisymacharia/LMS-outputs/Phone-Number-Generator/src/store/root.js": {"path":"/Users/daisymacharia/LMS-outputs/Phone-Number-Generator/src/store/root.js","statementMap":{"0":{"start":{"line":14,"column":18},"end":{"line":14,"column":39}},"1":{"start":{"line":15,"column":4},"end":{"line":31,"column":5}},"2":{"start":{"line":16,"column":6},"end":{"line":18,"column":7}},"3":{"start":{"line":20,"column":6},"end":{"line":22,"column":7}},"4":{"start":{"line":20,"column":19},"end":{"line":20,"column":20}},"5":{"start":{"line":21,"column":8},"end":{"line":21,"column":73}},"6":{"start":{"line":24,"column":6},"end":{"line":24,"column":33}},"7":{"start":{"line":25,"column":6},"end":{"line":27,"column":7}},"8":{"start":{"line":29,"column":6},"end":{"line":29,"column":29}},"9":{"start":{"line":30,"column":6},"end":{"line":30,"column":30}},"10":{"start":{"line":35,"column":14},"end":{"line":35,"column":25}},"11":{"start":{"line":36,"column":17},"end":{"line":36,"column":19}},"12":{"start":{"line":37,"column":4},"end":{"line":39,"column":5}},"13":{"start":{"line":38,"column":6},"end":{"line":38,"column":24}},"14":{"start":{"line":40,"column":4},"end":{"line":40,"column":14}},"15":{"start":{"line":45,"column":4},"end":{"line":45,"column":77}},"16":{"start":{"line":46,"column":4},"end":{"line":46,"column":72}},"17":{"start":{"line":50,"column":4},"end":{"line":50,"column":71}},"18":{"start":{"line":50,"column":62},"end":{"line":50,"column":67}},"19":{"start":{"line":51,"column":4},"end":{"line":54,"column":19}},"20":{"start":{"line":53,"column":22},"end":{"line":53,"column":27}},"21":{"start":{"line":59,"column":4},"end":{"line":59,"column":72}},"22":{"start":{"line":59,"column":66},"end":{"line":59,"column":71}},"23":{"start":{"line":61,"column":4},"end":{"line":75,"column":5}},"24":{"start":{"line":62,"column":6},"end":{"line":67,"column":7}},"25":{"start":{"line":68,"column":11},"end":{"line":75,"column":5}},"26":{"start":{"line":69,"column":6},"end":{"line":74,"column":7}},"27":{"start":{"line":80,"column":5},"end":{"line":80,"column":71}}},"fnMap":{"0":{"name":"(anonymous_0)","decl":{"start":{"line":13,"column":26},"end":{"line":13,"column":27}},"loc":{"start":{"line":13,"column":32},"end":{"line":32,"column":3}},"line":13},"1":{"name":"(anonymous_1)","decl":{"start":{"line":34,"column":12},"end":{"line":34,"column":13}},"loc":{"start":{"line":34,"column":22},"end":{"line":41,"column":3}},"line":34},"2":{"name":"(anonymous_2)","decl":{"start":{"line":43,"column":2},"end":{"line":43,"column":3}},"loc":{"start":{"line":44,"column":33},"end":{"line":47,"column":3}},"line":44},"3":{"name":"(anonymous_3)","decl":{"start":{"line":49,"column":2},"end":{"line":49,"column":3}},"loc":{"start":{"line":49,"column":21},"end":{"line":55,"column":3}},"line":49},"4":{"name":"(anonymous_4)","decl":{"start":{"line":50,"column":52},"end":{"line":50,"column":53}},"loc":{"start":{"line":50,"column":62},"end":{"line":50,"column":67}},"line":50},"5":{"name":"(anonymous_5)","decl":{"start":{"line":53,"column":12},"end":{"line":53,"column":13}},"loc":{"start":{"line":53,"column":22},"end":{"line":53,"column":27}},"line":53},"6":{"name":"(anonymous_6)","decl":{"start":{"line":58,"column":16},"end":{"line":58,"column":17}},"loc":{"start":{"line":58,"column":25},"end":{"line":76,"column":3}},"line":58},"7":{"name":"(anonymous_7)","decl":{"start":{"line":59,"column":56},"end":{"line":59,"column":57}},"loc":{"start":{"line":59,"column":66},"end":{"line":59,"column":71}},"line":59},"8":{"name":"(anonymous_8)","decl":{"start":{"line":79,"column":14},"end":{"line":79,"column":15}},"loc":{"start":{"line":80,"column":5},"end":{"line":80,"column":71}},"line":80}},"branchMap":{"0":{"loc":{"start":{"line":15,"column":4},"end":{"line":31,"column":5}},"type":"if","locations":[{"start":{"line":15,"column":4},"end":{"line":31,"column":5}},{"start":{"line":15,"column":4},"end":{"line":31,"column":5}}],"line":15},"1":{"loc":{"start":{"line":61,"column":4},"end":{"line":75,"column":5}},"type":"if","locations":[{"start":{"line":61,"column":4},"end":{"line":75,"column":5}},{"start":{"line":61,"column":4},"end":{"line":75,"column":5}}],"line":61},"2":{"loc":{"start":{"line":68,"column":11},"end":{"line":75,"column":5}},"type":"if","locations":[{"start":{"line":68,"column":11},"end":{"line":75,"column":5}},{"start":{"line":68,"column":11},"end":{"line":75,"column":5}}],"line":68}},"s":{"0":6,"1":6,"2":1,"3":5,"4":5,"5":50,"6":5,"7":5,"8":5,"9":5,"10":50,"11":50,"12":50,"13":53,"14":50,"15":1,"16":1,"17":5,"18":144,"19":5,"20":144,"21":2,"22":59,"23":2,"24":1,"25":1,"26":1,"27":1},"f":{"0":6,"1":50,"2":1,"3":5,"4":144,"5":144,"6":2,"7":59,"8":1},"b":{"0":[1,5],"1":[1,1],"2":[1,0]},"_coverageSchema":"43e27e138ebf9cfc5966b082cf9a028302ed4184","hash":"45da5bd44453d1778ab5039e9487cf87fd0073d6"}
}
