{"/Users/daisymacharia/LMS-outputs/Phone-Number-Generator/src/index.js": {"path":"/Users/daisymacharia/LMS-outputs/Phone-Number-Generator/src/index.js","statementMap":{"0":{"start":{"line":7,"column":14},"end":{"line":7,"column":25}},"1":{"start":{"line":8,"column":0},"end":{"line":13,"column":1}}},"fnMap":{},"branchMap":{},"s":{"0":0,"1":0},"f":{},"b":{}}
,"/Users/daisymacharia/LMS-outputs/Phone-Number-Generator/src/containers/App.js": {"path":"/Users/daisymacharia/LMS-outputs/Phone-Number-Generator/src/containers/App.js","statementMap":{"0":{"start":{"line":5,"column":13},"end":{"line":16,"column":1}},"1":{"start":{"line":18,"column":29},"end":{"line":23,"column":1}},"2":{"start":{"line":25,"column":20},"end":{"line":34,"column":1}},"3":{"start":{"line":36,"column":21},"end":{"line":46,"column":1}},"4":{"start":{"line":48,"column":18},"end":{"line":52,"column":1}},"5":{"start":{"line":53,"column":13},"end":{"line":58,"column":1}},"6":{"start":{"line":54,"column":24},"end":{"line":54,"column":44}},"7":{"start":{"line":56,"column":26},"end":{"line":56,"column":45}},"8":{"start":{"line":64,"column":4},"end":{"line":64,"column":43}},"9":{"start":{"line":68,"column":22},"end":{"line":68,"column":32}},"10":{"start":{"line":69,"column":4},"end":{"line":121,"column":5}},"11":{"start":{"line":81,"column":39},"end":{"line":81,"column":68}},"12":{"start":{"line":91,"column":18},"end":{"line":91,"column":71}},"13":{"start":{"line":99,"column":18},"end":{"line":99,"column":70}},"14":{"start":{"line":105,"column":43},"end":{"line":105,"column":67}},"15":{"start":{"line":108,"column":43},"end":{"line":108,"column":68}}},"fnMap":{"0":{"name":"(anonymous_0)","decl":{"start":{"line":54,"column":15},"end":{"line":54,"column":16}},"loc":{"start":{"line":54,"column":24},"end":{"line":54,"column":44}},"line":54},"1":{"name":"(anonymous_1)","decl":{"start":{"line":56,"column":17},"end":{"line":56,"column":18}},"loc":{"start":{"line":56,"column":26},"end":{"line":56,"column":45}},"line":56},"2":{"name":"(anonymous_2)","decl":{"start":{"line":63,"column":17},"end":{"line":63,"column":18}},"loc":{"start":{"line":63,"column":22},"end":{"line":65,"column":3}},"line":63},"3":{"name":"(anonymous_3)","decl":{"start":{"line":67,"column":2},"end":{"line":67,"column":3}},"loc":{"start":{"line":67,"column":11},"end":{"line":122,"column":3}},"line":67},"4":{"name":"(anonymous_4)","decl":{"start":{"line":81,"column":33},"end":{"line":81,"column":34}},"loc":{"start":{"line":81,"column":39},"end":{"line":81,"column":68}},"line":81},"5":{"name":"(anonymous_5)","decl":{"start":{"line":90,"column":25},"end":{"line":90,"column":26}},"loc":{"start":{"line":91,"column":18},"end":{"line":91,"column":71}},"line":91},"6":{"name":"(anonymous_6)","decl":{"start":{"line":98,"column":25},"end":{"line":98,"column":26}},"loc":{"start":{"line":99,"column":18},"end":{"line":99,"column":70}},"line":99},"7":{"name":"(anonymous_7)","decl":{"start":{"line":105,"column":37},"end":{"line":105,"column":38}},"loc":{"start":{"line":105,"column":43},"end":{"line":105,"column":67}},"line":105},"8":{"name":"(anonymous_8)","decl":{"start":{"line":108,"column":37},"end":{"line":108,"column":38}},"loc":{"start":{"line":108,"column":43},"end":{"line":108,"column":68}},"line":108}},"branchMap":{"0":{"loc":{"start":{"line":54,"column":24},"end":{"line":54,"column":44}},"type":"binary-expr","locations":[{"start":{"line":54,"column":24},"end":{"line":54,"column":34}},{"start":{"line":54,"column":38},"end":{"line":54,"column":44}}],"line":54},"1":{"loc":{"start":{"line":56,"column":26},"end":{"line":56,"column":45}},"type":"binary-expr","locations":[{"start":{"line":56,"column":26},"end":{"line":56,"column":38}},{"start":{"line":56,"column":42},"end":{"line":56,"column":45}}],"line":56},"2":{"loc":{"start":{"line":86,"column":9},"end":{"line":119,"column":9}},"type":"binary-expr","locations":[{"start":{"line":86,"column":9},"end":{"line":86,"column":38}},{"start":{"line":87,"column":10},"end":{"line":118,"column":13}}],"line":86},"3":{"loc":{"start":{"line":112,"column":13},"end":{"line":114,"column":13}},"type":"binary-expr","locations":[{"start":{"line":112,"column":13},"end":{"line":112,"column":43}},{"start":{"line":113,"column":14},"end":{"line":113,"column":47}}],"line":112}},"s":{"0":1,"1":1,"2":1,"3":1,"4":1,"5":1,"6":10,"7":10,"8":0,"9":1,"10":1,"11":0,"12":0,"13":0,"14":0,"15":0},"f":{"0":10,"1":10,"2":0,"3":1,"4":0,"5":0,"6":0,"7":0,"8":0},"b":{"0":[10,8],"1":[10,8],"2":[1,1],"3":[1,1]},"_coverageSchema":"43e27e138ebf9cfc5966b082cf9a028302ed4184","hash":"bbe420f82dcc7354d20a9ce701adacf9229326d5"}
,"/Users/daisymacharia/LMS-outputs/Phone-Number-Generator/src/store/root.js": {"path":"/Users/daisymacharia/LMS-outputs/Phone-Number-Generator/src/store/root.js","statementMap":{"0":{"start":{"line":14,"column":18},"end":{"line":14,"column":39}},"1":{"start":{"line":15,"column":4},"end":{"line":25,"column":5}},"2":{"start":{"line":16,"column":6},"end":{"line":16,"column":73}},"3":{"start":{"line":18,"column":6},"end":{"line":20,"column":7}},"4":{"start":{"line":18,"column":19},"end":{"line":18,"column":20}},"5":{"start":{"line":19,"column":8},"end":{"line":19,"column":73}},"6":{"start":{"line":22,"column":6},"end":{"line":22,"column":33}},"7":{"start":{"line":23,"column":6},"end":{"line":23,"column":29}},"8":{"start":{"line":24,"column":6},"end":{"line":24,"column":30}},"9":{"start":{"line":29,"column":14},"end":{"line":29,"column":25}},"10":{"start":{"line":30,"column":17},"end":{"line":30,"column":19}},"11":{"start":{"line":31,"column":4},"end":{"line":33,"column":5}},"12":{"start":{"line":32,"column":6},"end":{"line":32,"column":24}},"13":{"start":{"line":34,"column":4},"end":{"line":34,"column":14}},"14":{"start":{"line":39,"column":4},"end":{"line":39,"column":77}},"15":{"start":{"line":43,"column":4},"end":{"line":43,"column":71}},"16":{"start":{"line":43,"column":62},"end":{"line":43,"column":67}},"17":{"start":{"line":44,"column":4},"end":{"line":47,"column":19}},"18":{"start":{"line":46,"column":22},"end":{"line":46,"column":27}},"19":{"start":{"line":52,"column":4},"end":{"line":52,"column":72}},"20":{"start":{"line":52,"column":66},"end":{"line":52,"column":71}},"21":{"start":{"line":54,"column":4},"end":{"line":63,"column":5}},"22":{"start":{"line":55,"column":6},"end":{"line":57,"column":7}},"23":{"start":{"line":58,"column":11},"end":{"line":63,"column":5}},"24":{"start":{"line":59,"column":6},"end":{"line":62,"column":7}}},"fnMap":{"0":{"name":"(anonymous_0)","decl":{"start":{"line":13,"column":26},"end":{"line":13,"column":27}},"loc":{"start":{"line":13,"column":32},"end":{"line":26,"column":3}},"line":13},"1":{"name":"(anonymous_1)","decl":{"start":{"line":28,"column":12},"end":{"line":28,"column":13}},"loc":{"start":{"line":28,"column":22},"end":{"line":35,"column":3}},"line":28},"2":{"name":"(anonymous_2)","decl":{"start":{"line":37,"column":2},"end":{"line":37,"column":3}},"loc":{"start":{"line":38,"column":33},"end":{"line":40,"column":3}},"line":38},"3":{"name":"(anonymous_3)","decl":{"start":{"line":42,"column":2},"end":{"line":42,"column":3}},"loc":{"start":{"line":42,"column":21},"end":{"line":48,"column":3}},"line":42},"4":{"name":"(anonymous_4)","decl":{"start":{"line":43,"column":52},"end":{"line":43,"column":53}},"loc":{"start":{"line":43,"column":62},"end":{"line":43,"column":67}},"line":43},"5":{"name":"(anonymous_5)","decl":{"start":{"line":46,"column":12},"end":{"line":46,"column":13}},"loc":{"start":{"line":46,"column":22},"end":{"line":46,"column":27}},"line":46},"6":{"name":"(anonymous_6)","decl":{"start":{"line":51,"column":16},"end":{"line":51,"column":17}},"loc":{"start":{"line":51,"column":25},"end":{"line":64,"column":3}},"line":51},"7":{"name":"(anonymous_7)","decl":{"start":{"line":52,"column":56},"end":{"line":52,"column":57}},"loc":{"start":{"line":52,"column":66},"end":{"line":52,"column":71}},"line":52}},"branchMap":{"0":{"loc":{"start":{"line":15,"column":4},"end":{"line":25,"column":5}},"type":"if","locations":[{"start":{"line":15,"column":4},"end":{"line":25,"column":5}},{"start":{"line":15,"column":4},"end":{"line":25,"column":5}}],"line":15},"1":{"loc":{"start":{"line":54,"column":4},"end":{"line":63,"column":5}},"type":"if","locations":[{"start":{"line":54,"column":4},"end":{"line":63,"column":5}},{"start":{"line":54,"column":4},"end":{"line":63,"column":5}}],"line":54},"2":{"loc":{"start":{"line":58,"column":11},"end":{"line":63,"column":5}},"type":"if","locations":[{"start":{"line":58,"column":11},"end":{"line":63,"column":5}},{"start":{"line":58,"column":11},"end":{"line":63,"column":5}}],"line":58}},"s":{"0":6,"1":6,"2":1,"3":5,"4":5,"5":50,"6":5,"7":5,"8":5,"9":50,"10":50,"11":50,"12":56,"13":50,"14":1,"15":5,"16":154,"17":5,"18":154,"19":2,"20":63,"21":2,"22":1,"23":1,"24":1},"f":{"0":6,"1":50,"2":1,"3":5,"4":154,"5":154,"6":2,"7":63},"b":{"0":[1,5],"1":[1,1],"2":[1,0]},"_coverageSchema":"43e27e138ebf9cfc5966b082cf9a028302ed4184","hash":"f8bb216bbd20ab1103f8a975d12807dfbd2f16bd"}
}
