TN:
SF:/Users/daisymacharia/LMS-outputs/Phone-Number-Generator/src/index.js
FNF:0
FNH:0
DA:7,0
DA:8,0
LF:2
LH:0
BRF:0
BRH:0
end_of_record
TN:
SF:/Users/daisymacharia/LMS-outputs/Phone-Number-Generator/src/containers/App.js
FN:54,(anonymous_0)
FN:56,(anonymous_1)
FN:63,(anonymous_2)
FN:67,(anonymous_3)
FN:81,(anonymous_4)
FN:90,(anonymous_5)
FN:98,(anonymous_6)
FN:105,(anonymous_7)
FN:108,(anonymous_8)
FNF:9
FNH:3
FNDA:10,(anonymous_0)
FNDA:10,(anonymous_1)
FNDA:0,(anonymous_2)
FNDA:1,(anonymous_3)
FNDA:0,(anonymous_4)
FNDA:0,(anonymous_5)
FNDA:0,(anonymous_6)
FNDA:0,(anonymous_7)
FNDA:0,(anonymous_8)
DA:5,1
DA:18,1
DA:25,1
DA:36,1
DA:48,1
DA:53,1
DA:54,10
DA:56,10
DA:64,0
DA:68,1
DA:69,1
DA:81,0
DA:91,0
DA:99,0
DA:105,0
DA:108,0
LF:16
LH:10
BRDA:54,0,0,10
BRDA:54,0,1,8
BRDA:56,1,0,10
BRDA:56,1,1,8
BRDA:86,2,0,1
BRDA:86,2,1,1
BRDA:112,3,0,1
BRDA:112,3,1,1
BRF:8
BRH:8
end_of_record
TN:
SF:/Users/daisymacharia/LMS-outputs/Phone-Number-Generator/src/store/root.js
FN:13,(anonymous_0)
FN:28,(anonymous_1)
FN:37,(anonymous_2)
FN:42,(anonymous_3)
FN:43,(anonymous_4)
FN:46,(anonymous_5)
FN:51,(anonymous_6)
FN:52,(anonymous_7)
FNF:8
FNH:8
FNDA:6,(anonymous_0)
FNDA:50,(anonymous_1)
FNDA:1,(anonymous_2)
FNDA:5,(anonymous_3)
FNDA:154,(anonymous_4)
FNDA:154,(anonymous_5)
FNDA:2,(anonymous_6)
FNDA:63,(anonymous_7)
DA:14,6
DA:15,6
DA:16,1
DA:18,5
DA:19,50
DA:22,5
DA:23,5
DA:24,5
DA:29,50
DA:30,50
DA:31,50
DA:32,56
DA:34,50
DA:39,1
DA:43,154
DA:44,5
DA:46,154
DA:52,63
DA:54,2
DA:55,1
DA:58,1
DA:59,1
LF:22
LH:22
BRDA:15,0,0,1
BRDA:15,0,1,5
BRDA:54,1,0,1
BRDA:54,1,1,1
BRDA:58,2,0,1
BRDA:58,2,1,0
BRF:6
BRH:5
end_of_record
