TN:
SF:/Users/daisymacharia/LMS-outputs/Phone-Number-Generator/src/containers/App.js
FN:54,(anonymous_0)
FN:56,(anonymous_1)
FN:103,(anonymous_2)
FN:110,(anonymous_3)
FN:118,(anonymous_4)
FN:142,(anonymous_5)
FN:149,(anonymous_6)
FN:155,(anonymous_7)
FN:158,(anonymous_8)
FN:172,(anonymous_9)
FNF:10
FNH:9
FNDA:10,(anonymous_0)
FNDA:10,(anonymous_1)
FNDA:1,(anonymous_2)
FNDA:1,(anonymous_3)
FNDA:9,(anonymous_4)
FNDA:1,(anonymous_5)
FNDA:1,(anonymous_6)
FNDA:1,(anonymous_7)
FNDA:1,(anonymous_8)
FNDA:0,(anonymous_9)
DA:5,1
DA:18,1
DA:25,1
DA:36,1
DA:48,1
DA:53,1
DA:54,10
DA:56,10
DA:59,1
DA:67,1
DA:104,1
DA:111,1
DA:112,1
DA:113,1
DA:115,0
DA:119,9
DA:121,9
DA:143,1
DA:150,1
DA:155,1
DA:158,1
DA:173,0
LF:22
LH:20
BRDA:54,0,0,10
BRDA:54,0,1,8
BRDA:56,1,0,10
BRDA:56,1,1,8
BRDA:111,2,0,0
BRDA:111,2,1,1
BRDA:112,3,0,1
BRDA:112,3,1,0
BRDA:112,4,0,1
BRDA:112,4,1,1
BRDA:112,4,2,0
BRDA:138,5,0,9
BRDA:138,5,1,9
BRDA:162,6,0,9
BRDA:162,6,1,9
BRDA:170,7,0,9
BRDA:170,7,1,0
BRF:17
BRH:13
end_of_record
TN:
SF:/Users/daisymacharia/LMS-outputs/Phone-Number-Generator/src/store/root.js
FN:13,(anonymous_0)
FN:34,(anonymous_1)
FN:43,(anonymous_2)
FN:49,(anonymous_3)
FN:50,(anonymous_4)
FN:53,(anonymous_5)
FN:58,(anonymous_6)
FN:59,(anonymous_7)
FN:79,(anonymous_8)
FNF:9
FNH:9
FNDA:6,(anonymous_0)
FNDA:50,(anonymous_1)
FNDA:1,(anonymous_2)
FNDA:5,(anonymous_3)
FNDA:139,(anonymous_4)
FNDA:139,(anonymous_5)
FNDA:2,(anonymous_6)
FNDA:51,(anonymous_7)
FNDA:1,(anonymous_8)
DA:14,6
DA:15,6
DA:16,1
DA:20,5
DA:21,50
DA:24,5
DA:25,5
DA:29,5
DA:30,5
DA:35,50
DA:36,50
DA:37,50
DA:38,61
DA:40,50
DA:45,1
DA:46,1
DA:50,139
DA:51,5
DA:53,139
DA:59,51
DA:61,2
DA:62,1
DA:68,1
DA:69,1
DA:80,1
LF:25
LH:25
BRDA:15,0,0,1
BRDA:15,0,1,5
BRDA:61,1,0,1
BRDA:61,1,1,1
BRDA:68,2,0,1
BRDA:68,2,1,0
BRF:6
BRH:5
end_of_record
